2020-08-13 16:20:52,795|browser_engine.py[line:26] INFO:You had select Chrome browser.
2020-08-13 16:20:52,795|browser_engine.py[line:28] INFO:The test server url is: https://rr-alamo-test.azureedge.net
2020-08-13 16:20:56,354|browser_engine.py[line:42] INFO:Starting Chrome browser.
2020-08-13 16:20:57,550|browser_engine.py[line:56] INFO:Maximize the current window.
2020-08-13 16:21:27,499|browser_engine.py[line:59] INFO:Open url: https://rr-alamo-test.azureedge.net
2020-08-13 16:21:38,438|base_page.py[line:71] ERROR:TimeoutException: selector by xpath ,value xpath=>//div[@class='localAccount']//div[@class='intro']/h2
2020-08-13 16:21:49,292|base_page.py[line:71] ERROR:TimeoutException: selector by xpath ,value //div[@class='localAccount']//div[@class='intro']/h2
2020-08-13 16:21:49,292|base_page.py[line:124] ERROR:NoSuchElement selector_by: xpath, selector: //div[@class='localAccount']//div[@class='intro']/h2 
