2020-08-13 16:18:38,911|browser_engine.py[line:26] INFO:You had select Chrome browser.
2020-08-13 16:18:38,911|browser_engine.py[line:28] INFO:The test server url is: https://rr-alamo-test.azureedge.net
2020-08-13 16:18:42,411|browser_engine.py[line:42] INFO:Starting Chrome browser.
2020-08-13 16:18:43,680|browser_engine.py[line:56] INFO:Maximize the current window.
2020-08-13 16:20:10,479|browser_engine.py[line:59] INFO:Open url: https://rr-alamo-test.azureedge.net
2020-08-13 16:20:21,412|base_page.py[line:71] ERROR:TimeoutException: selector by xpath ,value xpath=>//div[@class='localAccount']//div[@class='intro']/h2
2020-08-13 16:20:32,273|base_page.py[line:71] ERROR:TimeoutException: selector by xpath ,value //div[@class='localAccount']//div[@class='intro']/h2
2020-08-13 16:20:32,273|base_page.py[line:124] ERROR:NoSuchElement selector_by: xpath, selector: //div[@class='localAccount']//div[@class='intro']/h2 
