2020-08-05 16:41:26,448|browser_engine.py[line:26] INFO:You had select Chrome browser.
2020-08-05 16:41:26,448|browser_engine.py[line:28] INFO:The test server url is: https://rr-alamo-test.azureedge.net
2020-08-05 16:41:29,823|browser_engine.py[line:42] INFO:Starting Chrome browser.
2020-08-05 16:41:30,974|browser_engine.py[line:56] INFO:Maximize the current window.
2020-08-05 16:41:39,398|browser_engine.py[line:59] INFO:Open url: https://rr-alamo-test.azureedge.net
2020-08-05 16:42:14,423|base_page.py[line:68] ERROR:TimeoutException: selector by xpath ,value xpath=>//div[@class='localAccount']//div[@class='intro']/h2
2020-08-05 16:42:25,458|base_page.py[line:68] ERROR:TimeoutException: selector by xpath ,value //div[@class='localAccount']//div[@class='intro']/h2
2020-08-05 16:42:25,460|base_page.py[line:121] ERROR:NoSuchElement selector_by: xpath, selector: //div[@class='localAccount']//div[@class='intro']/h2 
