2020-08-06 16:58:07,995|browser_engine.py[line:26] INFO:You had select Chrome browser.
2020-08-06 16:58:07,996|browser_engine.py[line:28] INFO:The test server url is: https://rr-alamo-test.azureedge.net
2020-08-06 16:58:11,707|browser_engine.py[line:42] INFO:Starting Chrome browser.
2020-08-06 16:58:12,863|browser_engine.py[line:56] INFO:Maximize the current window.
2020-08-06 16:59:23,392|browser_engine.py[line:59] INFO:Open url: https://rr-alamo-test.azureedge.net
2020-08-06 16:59:34,362|base_page.py[line:68] ERROR:TimeoutException: selector by xpath ,value xpath=>//div[@class='localAccount']//div[@class='intro']/h2
2020-08-06 16:59:50,176|base_page.py[line:68] ERROR:TimeoutException: selector by xpath ,value //div[@class='localAccount']//div[@class='intro']/h2
2020-08-06 16:59:50,176|base_page.py[line:121] ERROR:NoSuchElement selector_by: xpath, selector: //div[@class='localAccount']//div[@class='intro']/h2 
