2020-08-06 14:13:34,030|browser_engine.py[line:26] INFO:You had select Chrome browser.
2020-08-06 14:13:34,031|browser_engine.py[line:28] INFO:The test server url is: https://rr-alamo-test.azureedge.net
2020-08-06 14:13:37,211|browser_engine.py[line:42] INFO:Starting Chrome browser.
2020-08-06 14:13:38,346|browser_engine.py[line:56] INFO:Maximize the current window.
2020-08-06 14:13:59,486|browser_engine.py[line:59] INFO:Open url: https://rr-alamo-test.azureedge.net
2020-08-06 14:14:10,326|base_page.py[line:68] ERROR:TimeoutException: selector by xpath ,value xpath=>//div[@class='localAccount']//div[@class='intro']/h2
2020-08-06 14:14:21,099|base_page.py[line:68] ERROR:TimeoutException: selector by xpath ,value //div[@class='localAccount']//div[@class='intro']/h2
2020-08-06 14:14:21,099|base_page.py[line:121] ERROR:NoSuchElement selector_by: xpath, selector: //div[@class='localAccount']//div[@class='intro']/h2 
