2020-06-22 14:33:15,191|browser_engine.py[line:27] INFO:You had select Chrome browser.
2020-06-22 14:33:15,192|browser_engine.py[line:29] INFO:The test server url is: https://rralamotest.z21.web.core.windows.net/
2020-06-22 14:33:18,662|browser_engine.py[line:44] INFO:Starting Chrome browser.
2020-06-22 14:33:19,864|browser_engine.py[line:58] INFO:Maximize the current window.
2020-06-22 14:33:31,900|browser_engine.py[line:61] INFO:Open url: https://rralamotest.z21.web.core.windows.net/
2020-06-22 14:33:42,561|base_page.py[line:70] ERROR:TimeoutException: selector by xpath ,value xpath=>//div[@class='localAccount']//div[@class='intro']/h2
2020-06-22 14:33:53,423|base_page.py[line:70] ERROR:TimeoutException: selector by xpath ,value //div[@class='localAccount']//div[@class='intro']/h2
2020-06-22 14:33:53,423|base_page.py[line:123] ERROR:NoSuchElement selector_by: xpath, selector: //div[@class='localAccount']//div[@class='intro']/h2 
