2020-08-07 10:50:27,539|browser_engine.py[line:26] INFO:You had select Chrome browser.
2020-08-07 10:50:27,540|browser_engine.py[line:28] INFO:The test server url is: https://rr-alamo-test.azureedge.net
2020-08-07 10:50:31,733|browser_engine.py[line:42] INFO:Starting Chrome browser.
2020-08-07 10:50:32,872|browser_engine.py[line:56] INFO:Maximize the current window.
2020-08-07 10:50:40,917|browser_engine.py[line:59] INFO:Open url: https://rr-alamo-test.azureedge.net
2020-08-07 10:51:46,694|base_page.py[line:68] ERROR:TimeoutException: selector by xpath ,value xpath=>//div[@class='localAccount']//div[@class='intro']/h2
2020-08-07 10:51:57,617|base_page.py[line:68] ERROR:TimeoutException: selector by xpath ,value //div[@class='localAccount']//div[@class='intro']/h2
2020-08-07 10:51:57,617|base_page.py[line:121] ERROR:NoSuchElement selector_by: xpath, selector: //div[@class='localAccount']//div[@class='intro']/h2 
