2020-06-17 13:56:41,745|browser_engine.py[line:27] INFO:You had select Chrome browser.
2020-06-17 13:56:41,745|browser_engine.py[line:29] INFO:The test server url is: https://rralamotest.z21.web.core.windows.net/
2020-06-17 13:56:45,521|browser_engine.py[line:44] INFO:Starting Chrome browser.
2020-06-17 13:56:46,663|browser_engine.py[line:58] INFO:Maximize the current window.
2020-06-17 13:57:05,076|browser_engine.py[line:61] INFO:Open url: https://rralamotest.z21.web.core.windows.net/
2020-06-17 13:57:15,906|base_page.py[line:69] ERROR:TimeoutException: selector by xpath ,value xpath=>//div[@class='localAccount']//div[@class='intro']/h2
2020-06-17 13:57:26,723|base_page.py[line:69] ERROR:TimeoutException: selector by xpath ,value //div[@class='localAccount']//div[@class='intro']/h2
2020-06-17 13:57:26,723|base_page.py[line:122] ERROR:NoSuchElement selector_by: xpath, selector: //div[@class='localAccount']//div[@class='intro']/h2 
2020-06-17 13:57:26,817|browser_engine.py[line:27] INFO:You had select Chrome browser.
2020-06-17 13:57:26,817|browser_engine.py[line:29] INFO:The test server url is: https://rralamotest.z21.web.core.windows.net/
2020-06-17 13:57:32,257|browser_engine.py[line:44] INFO:Starting Chrome browser.
2020-06-17 13:57:33,529|browser_engine.py[line:58] INFO:Maximize the current window.
2020-06-17 13:58:20,009|browser_engine.py[line:27] INFO:You had select Chrome browser.
2020-06-17 13:58:20,009|browser_engine.py[line:29] INFO:The test server url is: https://rralamotest.z21.web.core.windows.net/
