2020-08-12 17:18:14,449|browser_engine.py[line:26] INFO:You had select Chrome browser.
2020-08-12 17:18:14,450|browser_engine.py[line:28] INFO:The test server url is: https://rr-alamo-test.azureedge.net
2020-08-12 17:18:17,570|browser_engine.py[line:42] INFO:Starting Chrome browser.
2020-08-12 17:18:18,726|browser_engine.py[line:56] INFO:Maximize the current window.
2020-08-12 17:22:34,586|browser_engine.py[line:59] INFO:Open url: https://rr-alamo-test.azureedge.net
2020-08-12 17:22:45,492|base_page.py[line:70] ERROR:TimeoutException: selector by xpath ,value xpath=>//div[@class='localAccount']//div[@class='intro']/h2
2020-08-12 17:22:56,384|base_page.py[line:70] ERROR:TimeoutException: selector by xpath ,value //div[@class='localAccount']//div[@class='intro']/h2
2020-08-12 17:22:56,385|base_page.py[line:123] ERROR:NoSuchElement selector_by: xpath, selector: //div[@class='localAccount']//div[@class='intro']/h2 
