2020-08-18 14:33:56,008|browser_engine.py[line:26] INFO:You had select Chrome browser.
2020-08-18 14:33:56,009|browser_engine.py[line:28] INFO:The test server url is: https://rr-alamo-test.azureedge.net
2020-08-18 14:34:01,079|browser_engine.py[line:42] INFO:Starting Chrome browser.
2020-08-18 14:34:02,324|browser_engine.py[line:56] INFO:Maximize the current window.
2020-08-18 14:36:01,544|browser_engine.py[line:59] INFO:Open url: https://rr-alamo-test.azureedge.net
2020-08-18 14:36:12,559|base_page.py[line:71] ERROR:TimeoutException: selector by xpath ,value xpath=>//div[@class='localAccount']//div[@class='intro']/h2
2020-08-18 14:36:23,542|base_page.py[line:71] ERROR:TimeoutException: selector by xpath ,value //div[@class='localAccount']//div[@class='intro']/h2
2020-08-18 14:36:23,542|base_page.py[line:124] ERROR:NoSuchElement selector_by: xpath, selector: //div[@class='localAccount']//div[@class='intro']/h2 
