2020-06-12 16:47:04,586|browser_engine.py[line:27] INFO:You had select Chrome browser.
2020-06-12 16:47:04,586|browser_engine.py[line:29] INFO:The test server url is: https://rralamotest.z21.web.core.windows.net/
2020-06-12 16:47:07,754|browser_engine.py[line:44] INFO:Starting Chrome browser.
2020-06-12 16:47:08,899|browser_engine.py[line:58] INFO:Maximize the current window.
2020-06-12 16:47:46,413|browser_engine.py[line:61] INFO:Open url: https://rralamotest.z21.web.core.windows.net/
2020-06-12 16:47:57,295|base_page.py[line:69] ERROR:TimeoutException: selector by xpath ,value xpath=>//div[@class='localAccount']//div[@class='intro']/h2
2020-06-12 16:48:07,957|base_page.py[line:69] ERROR:TimeoutException: selector by xpath ,value //div[@class='localAccount']//div[@class='intro']/h2
2020-06-12 16:48:07,957|base_page.py[line:122] ERROR:NoSuchElement selector_by: xpath, selector: //div[@class='localAccount']//div[@class='intro']/h2 
2020-06-12 16:48:07,984|browser_engine.py[line:27] INFO:You had select Chrome browser.
2020-06-12 16:48:07,984|browser_engine.py[line:29] INFO:The test server url is: https://rralamotest.z21.web.core.windows.net/
2020-06-12 16:48:11,649|browser_engine.py[line:44] INFO:Starting Chrome browser.
2020-06-12 16:48:12,783|browser_engine.py[line:58] INFO:Maximize the current window.
