2020-06-12 16:43:32,260|browser_engine.py[line:27] INFO:You had select Chrome browser.
2020-06-12 16:43:32,260|browser_engine.py[line:29] INFO:The test server url is: https://rralamotest.z21.web.core.windows.net/
2020-06-12 16:43:35,092|browser_engine.py[line:44] INFO:Starting Chrome browser.
2020-06-12 16:43:36,232|browser_engine.py[line:58] INFO:Maximize the current window.
2020-06-12 16:44:07,344|browser_engine.py[line:61] INFO:Open url: https://rralamotest.z21.web.core.windows.net/
2020-06-12 16:44:18,249|base_page.py[line:69] ERROR:TimeoutException: selector by xpath ,value xpath=>//div[@class='localAccount']//div[@class='intro']/h2
2020-06-12 16:44:18,810|base_page.py[line:67] INFO:Had find the element ' Sign in with your existing account ' successful by xpath via value: //div[@class='localAccount']//div[@class='intro']/h2 
2020-06-12 16:44:19,409|base_page.py[line:67] INFO:Had find the element '  ' successful by id via value: logonIdentifier 
2020-06-12 16:44:19,473|base_page.py[line:144] INFO:Clear text in input box before typing.
2020-06-12 16:44:20,003|base_page.py[line:67] INFO:Had find the element '  ' successful by id via value: logonIdentifier 
2020-06-12 16:44:20,255|base_page.py[line:134] INFO:Had type ' yan.liu@an-chen.com ' in inputBox
2020-06-12 16:44:20,789|base_page.py[line:67] INFO:Had find the element '  ' successful by id via value: password 
2020-06-12 16:44:20,832|base_page.py[line:144] INFO:Clear text in input box before typing.
2020-06-12 16:44:21,354|base_page.py[line:67] INFO:Had find the element '  ' successful by id via value: password 
2020-06-12 16:44:21,501|base_page.py[line:134] INFO:Had type ' Lychan@2012 ' in inputBox
2020-06-12 16:44:22,087|base_page.py[line:67] INFO:Had find the element ' Sign in ' successful by xpath via value: //div[@class='buttons']/button[text()='Sign in'] 
2020-06-12 16:44:32,723|base_page.py[line:69] ERROR:TimeoutException: selector by xpath ,value xpath=>//div[@id='root']//div[@class='content-heading']
2020-06-12 16:44:43,599|base_page.py[line:69] ERROR:TimeoutException: selector by xpath ,value //div[@id='root']//div[@class='content-heading']
2020-06-12 16:44:43,599|base_page.py[line:122] ERROR:NoSuchElement selector_by: xpath, selector: //div[@id='root']//div[@class='content-heading'] 
2020-06-12 16:44:43,629|browser_engine.py[line:27] INFO:You had select Chrome browser.
2020-06-12 16:44:43,629|browser_engine.py[line:29] INFO:The test server url is: https://rralamotest.z21.web.core.windows.net/
2020-06-12 16:44:46,306|browser_engine.py[line:44] INFO:Starting Chrome browser.
2020-06-12 16:44:47,440|browser_engine.py[line:58] INFO:Maximize the current window.
2020-06-12 16:45:19,284|browser_engine.py[line:61] INFO:Open url: https://rralamotest.z21.web.core.windows.net/
2020-06-12 16:45:21,849|browser_engine.py[line:27] INFO:You had select Chrome browser.
2020-06-12 16:45:21,849|browser_engine.py[line:29] INFO:The test server url is: https://rralamotest.z21.web.core.windows.net/
2020-06-12 16:45:24,653|browser_engine.py[line:44] INFO:Starting Chrome browser.
2020-06-12 16:45:25,781|browser_engine.py[line:58] INFO:Maximize the current window.
2020-06-12 16:45:26,912|browser_engine.py[line:61] INFO:Open url: https://rralamotest.z21.web.core.windows.net/
2020-06-12 16:45:27,420|browser_engine.py[line:27] INFO:You had select Chrome browser.
2020-06-12 16:45:27,420|browser_engine.py[line:29] INFO:The test server url is: https://rralamotest.z21.web.core.windows.net/
