2020-06-11 10:59:18,861|browser_engine.py[line:27] INFO:You had select Chrome browser.
2020-06-11 10:59:18,862|browser_engine.py[line:29] INFO:The test server url is: https://rralamotest.z21.web.core.windows.net/
2020-06-11 10:59:21,652|browser_engine.py[line:44] INFO:Starting Chrome browser.
2020-06-11 10:59:22,796|browser_engine.py[line:58] INFO:Maximize the current window.
2020-06-11 10:59:49,692|browser_engine.py[line:61] INFO:Open url: https://rralamotest.z21.web.core.windows.net/
2020-06-11 11:00:00,574|base_page.py[line:69] ERROR:TimeoutException: selector by xpath ,value xpath=>//div[@class='localAccount']//div[@class='intro']/h2
2020-06-11 11:00:11,554|base_page.py[line:69] ERROR:TimeoutException: selector by xpath ,value //div[@class='localAccount']//div[@class='intro']/h2
2020-06-11 11:00:11,554|base_page.py[line:122] ERROR:NoSuchElement selector_by: xpath, selector: //div[@class='localAccount']//div[@class='intro']/h2 
