2020-06-16 13:48:54,926|browser_engine.py[line:27] INFO:You had select Chrome browser.
2020-06-16 13:48:54,927|browser_engine.py[line:29] INFO:The test server url is: https://rralamotest.z21.web.core.windows.net/
2020-06-16 13:48:58,016|browser_engine.py[line:44] INFO:Starting Chrome browser.
2020-06-16 13:48:59,165|browser_engine.py[line:58] INFO:Maximize the current window.
2020-06-16 13:50:24,665|browser_engine.py[line:61] INFO:Open url: https://rralamotest.z21.web.core.windows.net/
2020-06-16 13:51:06,000|base_page.py[line:69] ERROR:TimeoutException: selector by xpath ,value xpath=>//div[@class='localAccount']//div[@class='intro']/h2
2020-06-16 13:51:35,087|base_page.py[line:69] ERROR:TimeoutException: selector by xpath ,value //div[@class='localAccount']//div[@class='intro']/h2
2020-06-16 13:51:35,087|base_page.py[line:122] ERROR:NoSuchElement selector_by: xpath, selector: //div[@class='localAccount']//div[@class='intro']/h2 
2020-06-16 13:51:35,161|browser_engine.py[line:27] INFO:You had select Chrome browser.
2020-06-16 13:51:35,162|browser_engine.py[line:29] INFO:The test server url is: https://rralamotest.z21.web.core.windows.net/
2020-06-16 13:51:37,988|browser_engine.py[line:44] INFO:Starting Chrome browser.
2020-06-16 13:51:39,183|browser_engine.py[line:58] INFO:Maximize the current window.
